Using pre-set license
Built from '6000.0/staging' branch; Version is '6000.0.23f1 (1c4764c07fb4) revision 1853284'; Using compiler version '193933523'; Build Type 'Release'
OS: 'Windows 11  (10.0.22631) 64bit Core' Language: 'ru' Physical Memory: 32693 MB
BatchMode: 1, IsHumanControllingUs: 0, StartBugReporterOnCrash: 0, Is64bit: 1, IsPro: 1

COMMAND LINE ARGUMENTS:
C:\Program Files\Unity\Hub\Editor\6000.0.23f1\Editor\Unity.exe
-adb2
-batchMode
-noUpm
-name
AssetImportWorker0
-projectPath
C:/Users/Xeon_Fox/Documents/GitHub/Decentrathon-2.0
-logFile
Logs/AssetImportWorker0.log
-srvPort
51410
-job-worker-count
5
-background-job-worker-count
8
-asset-garbage-collectors
1
Successfully changed project path to: C:/Users/Xeon_Fox/Documents/GitHub/Decentrathon-2.0
C:/Users/Xeon_Fox/Documents/GitHub/Decentrathon-2.0
[UnityMemory] Configuration Parameters - Can be set up in boot.config
    "memorysetup-bucket-allocator-granularity=16"
    "memorysetup-bucket-allocator-bucket-count=8"
    "memorysetup-bucket-allocator-block-size=33554432"
    "memorysetup-bucket-allocator-block-count=8"
    "memorysetup-main-allocator-block-size=16777216"
    "memorysetup-thread-allocator-block-size=16777216"
    "memorysetup-gfx-main-allocator-block-size=16777216"
    "memorysetup-gfx-thread-allocator-block-size=16777216"
    "memorysetup-cache-allocator-block-size=4194304"
    "memorysetup-typetree-allocator-block-size=2097152"
    "memorysetup-profiler-bucket-allocator-granularity=16"
    "memorysetup-profiler-bucket-allocator-bucket-count=8"
    "memorysetup-profiler-bucket-allocator-block-size=33554432"
    "memorysetup-profiler-bucket-allocator-block-count=8"
    "memorysetup-profiler-allocator-block-size=16777216"
    "memorysetup-profiler-editor-allocator-block-size=1048576"
    "memorysetup-temp-allocator-size-main=16777216"
    "memorysetup-job-temp-allocator-block-size=2097152"
    "memorysetup-job-temp-allocator-block-size-background=1048576"
    "memorysetup-job-temp-allocator-reduction-small-platforms=262144"
    "memorysetup-allocator-temp-initial-block-size-main=262144"
    "memorysetup-allocator-temp-initial-block-size-worker=262144"
    "memorysetup-temp-allocator-size-background-worker=32768"
    "memorysetup-temp-allocator-size-job-worker=262144"
    "memorysetup-temp-allocator-size-preload-manager=33554432"
    "memorysetup-temp-allocator-size-nav-mesh-worker=65536"
    "memorysetup-temp-allocator-size-audio-worker=65536"
    "memorysetup-temp-allocator-size-cloud-worker=32768"
    "memorysetup-temp-allocator-size-gi-baking-worker=262144"
    "memorysetup-temp-allocator-size-gi-baking-worker=262144"
    "memorysetup-temp-allocator-size-gi-baking-worker=262144"
    "memorysetup-temp-allocator-size-gi-baking-worker=262144"
    "memorysetup-temp-allocator-size-gi-baking-worker=262144"
    "memorysetup-temp-allocator-size-gfx=262144"
Player connection [6924]  Target information:

Player connection [6924]  * "[IP] 26.229.61.224 [Port] 0 [Flags] 2 [Guid] 3537028003 [EditorId] 3537028003 [Version] 1048832 [Id] WindowsEditor(7,DESKTOP) [Debug] 1 [PackageName] WindowsEditor [ProjectName] Editor" 

Player connection [6924]  * "[IP] 192.168.1.8 [Port] 0 [Flags] 2 [Guid] 3537028003 [EditorId] 3537028003 [Version] 1048832 [Id] WindowsEditor(7,DESKTOP) [Debug] 1 [PackageName] WindowsEditor [ProjectName] Editor" 

Player connection [6924] Host joined multi-casting on [225.0.0.222:54997]...
Player connection [6924] Host joined alternative multi-casting on [225.0.0.222:34997]...
JobSystem: Creating JobQueue using job-worker-count value 5
[Physics::Module] Initialized fallback backend.
[Physics::Module] Id: 0xdecafbad
Library Redirect Path: Library/
[Physics::Module] Selected backend.
[Physics::Module] Name: PhysX
[Physics::Module] Id: 0xf2b8ea05
[Physics::Module] SDK Version: 4.1.2
[Physics::Module] Integration Version: 1.0.0
[Physics::Module] Threading Mode: Multi-Threaded
Refreshing native plugins compatible for Editor in 0.93 ms, found 2 plugins.
Preloading 0 native plugins for Editor in 0.00 ms.
Initialize engine version: 6000.0.23f1 (1c4764c07fb4)
[Subsystems] Discovering subsystems at path C:/Program Files/Unity/Hub/Editor/6000.0.23f1/Editor/Data/Resources/UnitySubsystems
[Subsystems] Discovering subsystems at path C:/Users/Xeon_Fox/Documents/GitHub/Decentrathon-2.0/Assets
GfxDevice: creating device client; kGfxThreadingModeNonThreaded
Direct3D:
    Version:  Direct3D 11.0 [level 11.1]
    Renderer: AMD Radeon RX 5700 XT (ID=0x731f)
    Vendor:   ATI
    VRAM:     8151 MB
    Driver:   31.0.24027.1012
Initialize mono
Mono path[0] = 'C:/Program Files/Unity/Hub/Editor/6000.0.23f1/Editor/Data/Managed'
Mono path[1] = 'C:/Program Files/Unity/Hub/Editor/6000.0.23f1/Editor/Data/MonoBleedingEdge/lib/mono/unityjit-win32'
Mono config path = 'C:/Program Files/Unity/Hub/Editor/6000.0.23f1/Editor/Data/MonoBleedingEdge/etc'
Using monoOptions --debugger-agent=transport=dt_socket,embedding=1,server=y,suspend=n,address=127.0.0.1:56028
Begin MonoManager ReloadAssembly
Registering precompiled unity dll's ...
Register platform support module: C:/Program Files/Unity/Hub/Editor/6000.0.23f1/Editor/Data/PlaybackEngines/WebGLSupport/UnityEditor.WebGL.Extensions.dll
Register platform support module: C:/Program Files/Unity/Hub/Editor/6000.0.23f1/Editor/Data/PlaybackEngines/WindowsStandaloneSupport/UnityEditor.WindowsStandalone.Extensions.dll
Registered in 0.003691 seconds.
- Loaded All Assemblies, in  0.417 seconds
Native extension for WindowsStandalone target not found
Native extension for WebGL target not found
Mono: successfully reloaded assembly
- Finished resetting the current domain, in  0.404 seconds
Domain Reload Profiling: 819ms
	BeginReloadAssembly (140ms)
		ExecutionOrderSort (0ms)
		DisableScriptedObjects (0ms)
		BackupInstance (0ms)
		ReleaseScriptingObjects (0ms)
		CreateAndSetChildDomain (1ms)
	RebuildCommonClasses (38ms)
	RebuildNativeTypeToScriptingClass (14ms)
	initialDomainReloadingComplete (52ms)
	LoadAllAssembliesAndSetupDomain (171ms)
		LoadAssemblies (137ms)
		RebuildTransferFunctionScriptingTraits (0ms)
		AnalyzeDomain (168ms)
			TypeCache.Refresh (167ms)
				TypeCache.ScanAssembly (155ms)
			BuildScriptInfoCaches (0ms)
			ResolveRequiredComponents (1ms)
	FinalizeReload (404ms)
		ReleaseScriptCaches (0ms)
		RebuildScriptCaches (0ms)
		SetupLoadedEditorAssemblies (357ms)
			LogAssemblyErrors (0ms)
			InitializePlatformSupportModulesInManaged (31ms)
			SetLoadedEditorAssemblies (4ms)
			BeforeProcessingInitializeOnLoad (6ms)
			ProcessInitializeOnLoadAttributes (246ms)
			ProcessInitializeOnLoadMethodAttributes (67ms)
			AfterProcessingInitializeOnLoad (3ms)
			EditorAssembliesLoaded (0ms)
		ExecutionOrderSort2 (0ms)
		AwakeInstancesAfterBackupRestoration (0ms)
========================================================================
Worker process is ready to serve import requests
Import Worker Mode flag is 0x00
Begin MonoManager ReloadAssembly
- Loaded All Assemblies, in  0.870 seconds
Refreshing native plugins compatible for Editor in 0.70 ms, found 2 plugins.
Native extension for WindowsStandalone target not found
Native extension for WebGL target not found
Mono: successfully reloaded assembly
- Finished resetting the current domain, in  0.765 seconds
Domain Reload Profiling: 1631ms
	BeginReloadAssembly (462ms)
		ExecutionOrderSort (0ms)
		DisableScriptedObjects (6ms)
		BackupInstance (0ms)
		ReleaseScriptingObjects (0ms)
		CreateAndSetChildDomain (29ms)
	RebuildCommonClasses (44ms)
	RebuildNativeTypeToScriptingClass (15ms)
	initialDomainReloadingComplete (52ms)
	LoadAllAssembliesAndSetupDomain (292ms)
		LoadAssemblies (301ms)
		RebuildTransferFunctionScriptingTraits (0ms)
		AnalyzeDomain (112ms)
			TypeCache.Refresh (85ms)
				TypeCache.ScanAssembly (72ms)
			BuildScriptInfoCaches (22ms)
			ResolveRequiredComponents (3ms)
	FinalizeReload (766ms)
		ReleaseScriptCaches (0ms)
		RebuildScriptCaches (0ms)
		SetupLoadedEditorAssemblies (538ms)
			LogAssemblyErrors (0ms)
			InitializePlatformSupportModulesInManaged (3ms)
			SetLoadedEditorAssemblies (3ms)
			BeforeProcessingInitializeOnLoad (35ms)
			ProcessInitializeOnLoadAttributes (454ms)
			ProcessInitializeOnLoadMethodAttributes (33ms)
			AfterProcessingInitializeOnLoad (10ms)
			EditorAssembliesLoaded (0ms)
		ExecutionOrderSort2 (0ms)
		AwakeInstancesAfterBackupRestoration (7ms)
Launched and connected shader compiler UnityShaderCompiler.exe after 0.01 seconds
Refreshing native plugins compatible for Editor in 0.77 ms, found 2 plugins.
Preloading 0 native plugins for Editor in 0.00 ms.
Unloading 28 Unused Serialized files (Serialized files now loaded: 0)
Unloading 1824 unused Assets / (0.6 MB). Loaded Objects now: 2438.
Memory consumption went from 105.0 MB to 104.4 MB.
Total: 7.059500 ms (FindLiveObjects: 0.337000 ms CreateObjectMapping: 0.090800 ms MarkObjects: 6.070300 ms  DeleteObjects: 0.559900 ms)

========================================================================
Received Import Request.
  Time since last request: 9098.956399 seconds.
  path: Assets/RACE AI/Race Track.unity
  artifactKey: Guid(4b0731bec173a9949a3aaa4c51471834) Importer(815301076,1909f56bfc062723c751e8b465ee728b)
Start importing Assets/RACE AI/Race Track.unity using Guid(4b0731bec173a9949a3aaa4c51471834) Importer(815301076,1909f56bfc062723c751e8b465ee728b) (PreviewImporter) -> (artifact id: 'afe65b4b53a2a62988eff60bddae9b9f') in 0.0040466 seconds
Number of updated asset objects reloaded before import = 0Number of asset objects unloaded after import = 0

========================================================================
Received Import Request.
  Time since last request: 28.434847 seconds.
  path: Assets/RACE AI/_Prefabs
  artifactKey: Guid(d26eb69663ac04e44812c75e0ca4310f) Importer(815301076,1909f56bfc062723c751e8b465ee728b)
Start importing Assets/RACE AI/_Prefabs using Guid(d26eb69663ac04e44812c75e0ca4310f) Importer(815301076,1909f56bfc062723c751e8b465ee728b) (PreviewImporter) -> (artifact id: '1c5abdad2dd495bab0cb034d2c4758e7') in 0.0004394 seconds
Number of updated asset objects reloaded before import = 0Number of asset objects unloaded after import = 0

========================================================================
Received Import Request.
  Time since last request: 0.038766 seconds.
  path: Assets/RACE AI/_Prefabs/RACE.prefab
  artifactKey: Guid(bc1d6d3f1e2a7c74083ac9678205c672) Importer(815301076,1909f56bfc062723c751e8b465ee728b)
Start importing Assets/RACE AI/_Prefabs/RACE.prefab using Guid(bc1d6d3f1e2a7c74083ac9678205c672) Importer(815301076,1909f56bfc062723c751e8b465ee728b) (PreviewImporter) -> (artifact id: '0f674b07d84535a5ba2261eeb0f5cf99') in 0.7693017 seconds
Number of updated asset objects reloaded before import = 0Number of asset objects unloaded after import = 386

========================================================================
Received Import Request.
  Time since last request: 0.063920 seconds.
  path: Assets/RACE AI/_Prefabs/UnUsed
  artifactKey: Guid(f7f7f6022b7893540bf2288b1d0ea077) Importer(815301076,1909f56bfc062723c751e8b465ee728b)
Start importing Assets/RACE AI/_Prefabs/UnUsed using Guid(f7f7f6022b7893540bf2288b1d0ea077) Importer(815301076,1909f56bfc062723c751e8b465ee728b) (PreviewImporter) -> (artifact id: '714a2d5642e610fcd7e1dfcecb7077b4') in 0.0006208 seconds
Number of updated asset objects reloaded before import = 0Number of asset objects unloaded after import = 0

========================================================================
Received Import Request.
  Time since last request: 1.370606 seconds.
  path: Assets/RACE AI/_Prefabs/Roads/Roads.prefab
  artifactKey: Guid(c04b9d323c5454fc7bc4092f562f40d2) Importer(815301076,1909f56bfc062723c751e8b465ee728b)
Start importing Assets/RACE AI/_Prefabs/Roads/Roads.prefab using Guid(c04b9d323c5454fc7bc4092f562f40d2) Importer(815301076,1909f56bfc062723c751e8b465ee728b) (PreviewImporter) -> (artifact id: 'de406ff870b39146e0d487a43aa1a07e') in 0.0234083 seconds
Number of updated asset objects reloaded before import = 0Number of asset objects unloaded after import = 188

========================================================================
Received Import Request.
  Time since last request: 1.993400 seconds.
  path: Assets/RACE AI/_Prefabs/Roads
  artifactKey: Guid(5b39ce4a6cc9bf14a951bc7d8fa5ed38) Importer(815301076,1909f56bfc062723c751e8b465ee728b)
Start importing Assets/RACE AI/_Prefabs/Roads using Guid(5b39ce4a6cc9bf14a951bc7d8fa5ed38) Importer(815301076,1909f56bfc062723c751e8b465ee728b) (PreviewImporter) -> (artifact id: '4149019f69f799dacf2a811deb8ccf6b') in 0.0007528 seconds
Number of updated asset objects reloaded before import = 0Number of asset objects unloaded after import = 0

========================================================================
Received Import Request.
  Time since last request: 3.708095 seconds.
  path: Assets/RACE AI/_Materials/Offroad.physicMaterial
  artifactKey: Guid(3a41f8cd60a34a34797a696eb065f4a8) Importer(815301076,1909f56bfc062723c751e8b465ee728b)
Start importing Assets/RACE AI/_Materials/Offroad.physicMaterial using Guid(3a41f8cd60a34a34797a696eb065f4a8) Importer(815301076,1909f56bfc062723c751e8b465ee728b) (PreviewImporter) -> (artifact id: 'cf96d2a38a8008d1375493f51d8221a5') in 0.0009026 seconds
Number of updated asset objects reloaded before import = 0Number of asset objects unloaded after import = 1

========================================================================
Received Import Request.
  Time since last request: 4.791985 seconds.
  path: Assets/Prefabs/Bot car Variant.prefab
  artifactKey: Guid(bdbb02f9b74ea8b4d8ff165d6ef5c758) Importer(815301076,1909f56bfc062723c751e8b465ee728b)
Start importing Assets/Prefabs/Bot car Variant.prefab using Guid(bdbb02f9b74ea8b4d8ff165d6ef5c758) Importer(815301076,1909f56bfc062723c751e8b465ee728b) (PreviewImporter) -> (artifact id: 'f79eb27e77326fafa1686a2610a108e9') in 0.0710542 seconds
Number of updated asset objects reloaded before import = 0Number of asset objects unloaded after import = 154

========================================================================
Received Import Request.
  Time since last request: 0.000021 seconds.
  path: Assets/Prefabs/Game Canvas.prefab
  artifactKey: Guid(ebd37eb69c07a56408d883a58e5a998f) Importer(815301076,1909f56bfc062723c751e8b465ee728b)
Start importing Assets/Prefabs/Game Canvas.prefab using Guid(ebd37eb69c07a56408d883a58e5a998f) Importer(815301076,1909f56bfc062723c751e8b465ee728b) (PreviewImporter) -> (artifact id: '7891254c49b81a1b53f74a3e05a239cf') in 0.025806 seconds
Number of updated asset objects reloaded before import = 0Number of asset objects unloaded after import = 109

========================================================================
Received Import Request.
  Time since last request: 0.000016 seconds.
  path: Assets/Prefabs/Dust Particles.prefab
  artifactKey: Guid(0d799b4ed980f1246a744ec0755dabea) Importer(815301076,1909f56bfc062723c751e8b465ee728b)
Start importing Assets/Prefabs/Dust Particles.prefab using Guid(0d799b4ed980f1246a744ec0755dabea) Importer(815301076,1909f56bfc062723c751e8b465ee728b) (PreviewImporter) -> (artifact id: '8d2cdef06e695840dca610e2758fd783') in 0.0068479 seconds
Number of updated asset objects reloaded before import = 0Number of asset objects unloaded after import = 7

========================================================================
Received Import Request.
  Time since last request: 0.000020 seconds.
  path: Assets/Prefabs/Checkpoint.prefab
  artifactKey: Guid(0265d3fbe85fdef42b0d935033d6eec3) Importer(815301076,1909f56bfc062723c751e8b465ee728b)
Start importing Assets/Prefabs/Checkpoint.prefab using Guid(0265d3fbe85fdef42b0d935033d6eec3) Importer(815301076,1909f56bfc062723c751e8b465ee728b) (PreviewImporter) -> (artifact id: 'dd7fd056e5172ac11bc287a3260570f2') in 0.0143404 seconds
Number of updated asset objects reloaded before import = 0Number of asset objects unloaded after import = 9

========================================================================
Received Import Request.
  Time since last request: 0.000018 seconds.
  path: Assets/Prefabs/Lap Handler.prefab
  artifactKey: Guid(96ae3076022bb3b43b953c5e82176377) Importer(815301076,1909f56bfc062723c751e8b465ee728b)
Start importing Assets/Prefabs/Lap Handler.prefab using Guid(96ae3076022bb3b43b953c5e82176377) Importer(815301076,1909f56bfc062723c751e8b465ee728b) (PreviewImporter) -> (artifact id: '9de4ad975a2530aaba3cfb0b63ddd6d6') in 0.0070383 seconds
Number of updated asset objects reloaded before import = 0Number of asset objects unloaded after import = 9

========================================================================
Received Import Request.
  Time since last request: 0.000019 seconds.
  path: Assets/Prefabs/treeLarge.fbx
  artifactKey: Guid(ae03317bf070e304aa5f49644bdf9f2f) Importer(815301076,1909f56bfc062723c751e8b465ee728b)
Start importing Assets/Prefabs/treeLarge.fbx using Guid(ae03317bf070e304aa5f49644bdf9f2f) Importer(815301076,1909f56bfc062723c751e8b465ee728b) (PreviewImporter) -> (artifact id: 'be6906a02bacd4da98be8a87195e9699') in 0.0573726 seconds
Number of updated asset objects reloaded before import = 0Number of asset objects unloaded after import = 9

========================================================================
Received Import Request.
  Time since last request: 0.000018 seconds.
  path: Assets/Prefabs/Map.prefab
  artifactKey: Guid(03814bb1bc117f6408ffc7551229ed9f) Importer(815301076,1909f56bfc062723c751e8b465ee728b)
Start importing Assets/Prefabs/Map.prefab using Guid(03814bb1bc117f6408ffc7551229ed9f) Importer(815301076,1909f56bfc062723c751e8b465ee728b) (PreviewImporter) -> (artifact id: '8a92c8181029ee5dcd5b5cdcb077251f') in 0.031076 seconds
Number of updated asset objects reloaded before import = 0Number of asset objects unloaded after import = 781

========================================================================
Received Import Request.
  Time since last request: 41.260987 seconds.
  path: Assets/Prefabs/Roads/Ramp.prefab
  artifactKey: Guid(f529f968717a8c5489cafa725ec9c0d3) Importer(815301076,1909f56bfc062723c751e8b465ee728b)
Start importing Assets/Prefabs/Roads/Ramp.prefab using Guid(f529f968717a8c5489cafa725ec9c0d3) Importer(815301076,1909f56bfc062723c751e8b465ee728b) (PreviewImporter) -> (artifact id: '6756ac4eacb1c88fe1eeaf33236bade8') in 0.0077982 seconds
Number of updated asset objects reloaded before import = 0Number of asset objects unloaded after import = 15

========================================================================
Received Import Request.
  Time since last request: 0.000017 seconds.
  path: Assets/Prefabs/Roads/RoadStart.prefab
  artifactKey: Guid(128846377727fc9418321c3f8a5a9b87) Importer(815301076,1909f56bfc062723c751e8b465ee728b)
Start importing Assets/Prefabs/Roads/RoadStart.prefab using Guid(128846377727fc9418321c3f8a5a9b87) Importer(815301076,1909f56bfc062723c751e8b465ee728b) (PreviewImporter) -> (artifact id: '4bb15fae4ab140160449278585b0706d') in 0.006553 seconds
Number of updated asset objects reloaded before import = 0Number of asset objects unloaded after import = 16

========================================================================
Received Import Request.
  Time since last request: 0.000016 seconds.
  path: Assets/Prefabs/Roads/RoadCornerLarge.prefab
  artifactKey: Guid(094445d193307214ab4a58cc994d42ef) Importer(815301076,1909f56bfc062723c751e8b465ee728b)
Start importing Assets/Prefabs/Roads/RoadCornerLarge.prefab using Guid(094445d193307214ab4a58cc994d42ef) Importer(815301076,1909f56bfc062723c751e8b465ee728b) (PreviewImporter) -> (artifact id: 'c46e30468b7847f04999a7d81e0bdfe2') in 0.0065934 seconds
Number of updated asset objects reloaded before import = 0Number of asset objects unloaded after import = 16

========================================================================
Received Import Request.
  Time since last request: 0.000013 seconds.
  path: Assets/Prefabs/Roads/RoadStraightLong.prefab
  artifactKey: Guid(ad1d6175e71663b438b727685e8e6a3d) Importer(815301076,1909f56bfc062723c751e8b465ee728b)
Start importing Assets/Prefabs/Roads/RoadStraightLong.prefab using Guid(ad1d6175e71663b438b727685e8e6a3d) Importer(815301076,1909f56bfc062723c751e8b465ee728b) (PreviewImporter) -> (artifact id: '7dfd429a74df30a0df4a765856837875') in 0.0066642 seconds
Number of updated asset objects reloaded before import = 0Number of asset objects unloaded after import = 16

========================================================================
Received Import Request.
  Time since last request: 21.689326 seconds.
  path: Assets/Models/billboardLower.fbx
  artifactKey: Guid(5cfb680f895f4f3428af15c9de2f8359) Importer(815301076,1909f56bfc062723c751e8b465ee728b)
Start importing Assets/Models/billboardLower.fbx using Guid(5cfb680f895f4f3428af15c9de2f8359) Importer(815301076,1909f56bfc062723c751e8b465ee728b) (PreviewImporter) -> (artifact id: '2771dd32bac8b0d9e273c0eaab989e25') in 0.0315862 seconds
Number of updated asset objects reloaded before import = 0Number of asset objects unloaded after import = 12

========================================================================
Received Import Request.
  Time since last request: 0.000016 seconds.
  path: Assets/Models/raceCarRed.fbx
  artifactKey: Guid(764e3adbcb0ab0844be4525aeda81570) Importer(815301076,1909f56bfc062723c751e8b465ee728b)
Start importing Assets/Models/raceCarRed.fbx using Guid(764e3adbcb0ab0844be4525aeda81570) Importer(815301076,1909f56bfc062723c751e8b465ee728b) (PreviewImporter) -> (artifact id: 'b2f42a81f63e71d4b440023e5577dd55') in 0.0593919 seconds
Number of updated asset objects reloaded before import = 0Number of asset objects unloaded after import = 33

========================================================================
Received Import Request.
  Time since last request: 0.000045 seconds.
  path: Assets/Models/raceCarWhite.fbx
  artifactKey: Guid(707a79a784cfe034fbd88f1f8f57c5cd) Importer(815301076,1909f56bfc062723c751e8b465ee728b)
Start importing Assets/Models/raceCarWhite.fbx using Guid(707a79a784cfe034fbd88f1f8f57c5cd) Importer(815301076,1909f56bfc062723c751e8b465ee728b) (PreviewImporter) -> (artifact id: '3d480fd616c55817ff0bd753914fbae0') in 0.0535045 seconds
Number of updated asset objects reloaded before import = 0Number of asset objects unloaded after import = 32

========================================================================
Received Import Request.
  Time since last request: 0.000018 seconds.
  path: Assets/Models/lightPostModern.fbx
  artifactKey: Guid(486cf30a6f4d92b45b5985b1bb5956f0) Importer(815301076,1909f56bfc062723c751e8b465ee728b)
Start importing Assets/Models/lightPostModern.fbx using Guid(486cf30a6f4d92b45b5985b1bb5956f0) Importer(815301076,1909f56bfc062723c751e8b465ee728b) (PreviewImporter) -> (artifact id: 'b424c78141d0df60eb004c45e0509416') in 0.0165633 seconds
Number of updated asset objects reloaded before import = 0Number of asset objects unloaded after import = 9

========================================================================
Received Import Request.
  Time since last request: 0.000022 seconds.
  path: Assets/Models/grandStandCovered.fbx
  artifactKey: Guid(18616299349b9644daeea21589b947b8) Importer(815301076,1909f56bfc062723c751e8b465ee728b)
Start importing Assets/Models/grandStandCovered.fbx using Guid(18616299349b9644daeea21589b947b8) Importer(815301076,1909f56bfc062723c751e8b465ee728b) (PreviewImporter) -> (artifact id: '8e91dd0c5f9cfc3bf6ac054dbb1a5b73') in 0.0286612 seconds
Number of updated asset objects reloaded before import = 0Number of asset objects unloaded after import = 12

========================================================================
Received Import Request.
  Time since last request: 0.000026 seconds.
  path: Assets/Models/overheadRound.fbx
  artifactKey: Guid(f7d243aa0be9197409f4f2dded12d577) Importer(815301076,1909f56bfc062723c751e8b465ee728b)
Start importing Assets/Models/overheadRound.fbx using Guid(f7d243aa0be9197409f4f2dded12d577) Importer(815301076,1909f56bfc062723c751e8b465ee728b) (PreviewImporter) -> (artifact id: '9f925b26ce38881fc0b1f2a41b14ed7e') in 0.0171648 seconds
Number of updated asset objects reloaded before import = 0Number of asset objects unloaded after import = 9

========================================================================
Received Import Request.
  Time since last request: 0.000021 seconds.
  path: Assets/Models/railDouble.fbx
  artifactKey: Guid(8df3a8c411f6ac24da31c47e220a915b) Importer(815301076,1909f56bfc062723c751e8b465ee728b)
Start importing Assets/Models/railDouble.fbx using Guid(8df3a8c411f6ac24da31c47e220a915b) Importer(815301076,1909f56bfc062723c751e8b465ee728b) (PreviewImporter) -> (artifact id: 'cee86dd662c3a901d15f001a3c252a9a') in 0.0133018 seconds
Number of updated asset objects reloaded before import = 0Number of asset objects unloaded after import = 8

========================================================================
Received Import Request.
  Time since last request: 0.000024 seconds.
  path: Assets/Models/lightRed.fbx
  artifactKey: Guid(d188919d5520ee847ad2c1c7af326ae9) Importer(815301076,1909f56bfc062723c751e8b465ee728b)
Start importing Assets/Models/lightRed.fbx using Guid(d188919d5520ee847ad2c1c7af326ae9) Importer(815301076,1909f56bfc062723c751e8b465ee728b) (PreviewImporter) -> (artifact id: 'ed5f7bcfe513d85b6af46ea21cbdd53b') in 0.0298001 seconds
Number of updated asset objects reloaded before import = 0Number of asset objects unloaded after import = 12

========================================================================
Received Import Request.
  Time since last request: 0.000018 seconds.
  path: Assets/Models/ramp.fbx
  artifactKey: Guid(dcc4038effff84442b5ff8a50b38494e) Importer(815301076,1909f56bfc062723c751e8b465ee728b)
Start importing Assets/Models/ramp.fbx using Guid(dcc4038effff84442b5ff8a50b38494e) Importer(815301076,1909f56bfc062723c751e8b465ee728b) (PreviewImporter) -> (artifact id: '68b2814c1d6e2621f6c8be81a1f847c6') in 0.0170853 seconds
Number of updated asset objects reloaded before import = 0Number of asset objects unloaded after import = 9

========================================================================
Received Import Request.
  Time since last request: 0.000019 seconds.
  path: Assets/Models/pylon.fbx
  artifactKey: Guid(c06fb5185892ec94398cc6b9984d6259) Importer(815301076,1909f56bfc062723c751e8b465ee728b)
Start importing Assets/Models/pylon.fbx using Guid(c06fb5185892ec94398cc6b9984d6259) Importer(815301076,1909f56bfc062723c751e8b465ee728b) (PreviewImporter) -> (artifact id: '645f98c76aca653f00be9492f5210bc6') in 0.0137651 seconds
Number of updated asset objects reloaded before import = 0Number of asset objects unloaded after import = 8

========================================================================
Received Import Request.
  Time since last request: 0.000017 seconds.
  path: Assets/Models/roadCornerLargerSandInner.fbx
  artifactKey: Guid(02f596ce9d26f494ca132f5a4597a77f) Importer(815301076,1909f56bfc062723c751e8b465ee728b)
Start importing Assets/Models/roadCornerLargerSandInner.fbx using Guid(02f596ce9d26f494ca132f5a4597a77f) Importer(815301076,1909f56bfc062723c751e8b465ee728b) (PreviewImporter) -> (artifact id: 'c29fae580d5608a66ba28dd3bf08c3c4') in 0.0121801 seconds
Number of updated asset objects reloaded before import = 0Number of asset objects unloaded after import = 8

========================================================================
Received Import Request.
  Time since last request: 0.000019 seconds.
  path: Assets/Models/roadCornerLargerBorder.fbx
  artifactKey: Guid(319f86158edab194995d9912eeb310e6) Importer(815301076,1909f56bfc062723c751e8b465ee728b)
Start importing Assets/Models/roadCornerLargerBorder.fbx using Guid(319f86158edab194995d9912eeb310e6) Importer(815301076,1909f56bfc062723c751e8b465ee728b) (PreviewImporter) -> (artifact id: 'd0a02061d51e841eed921da1b8176dc9') in 0.0167904 seconds
Number of updated asset objects reloaded before import = 0Number of asset objects unloaded after import = 9

========================================================================
Received Import Request.
  Time since last request: 0.000016 seconds.
  path: Assets/Models/roadBump.fbx
  artifactKey: Guid(3cc261f13a4a69f42b3065ab253bb3d5) Importer(815301076,1909f56bfc062723c751e8b465ee728b)
Start importing Assets/Models/roadBump.fbx using Guid(3cc261f13a4a69f42b3065ab253bb3d5) Importer(815301076,1909f56bfc062723c751e8b465ee728b) (PreviewImporter) -> (artifact id: '3039f6e3f436caad59e31cb1de61ca38') in 0.020589 seconds
Number of updated asset objects reloaded before import = 0Number of asset objects unloaded after import = 10

========================================================================
Received Import Request.
  Time since last request: 0.000022 seconds.
  path: Assets/Models/overhead.fbx
  artifactKey: Guid(62c772d2e490fb34abe25facc037eaab) Importer(815301076,1909f56bfc062723c751e8b465ee728b)
Start importing Assets/Models/overhead.fbx using Guid(62c772d2e490fb34abe25facc037eaab) Importer(815301076,1909f56bfc062723c751e8b465ee728b) (PreviewImporter) -> (artifact id: '2f498d0dfc4c8ce6ed190d69d78f3a78') in 0.0136917 seconds
Number of updated asset objects reloaded before import = 0Number of asset objects unloaded after import = 8

========================================================================
Received Import Request.
  Time since last request: 0.000015 seconds.
  path: Assets/Models/roadCornerBridgeLarge.fbx
  artifactKey: Guid(d90cbe202d28ffa4293b36587aeeb02b) Importer(815301076,1909f56bfc062723c751e8b465ee728b)
Start importing Assets/Models/roadCornerBridgeLarge.fbx using Guid(d90cbe202d28ffa4293b36587aeeb02b) Importer(815301076,1909f56bfc062723c751e8b465ee728b) (PreviewImporter) -> (artifact id: '0deb663d94e0b8510b767e15b3e7d233') in 0.0202148 seconds
Number of updated asset objects reloaded before import = 0Number of asset objects unloaded after import = 10

========================================================================
Received Import Request.
  Time since last request: 0.000017 seconds.
  path: Assets/Models/overheadRoundColored.fbx
  artifactKey: Guid(bd09827277bf9ac409e3a797b526d88b) Importer(815301076,1909f56bfc062723c751e8b465ee728b)
Start importing Assets/Models/overheadRoundColored.fbx using Guid(bd09827277bf9ac409e3a797b526d88b) Importer(815301076,1909f56bfc062723c751e8b465ee728b) (PreviewImporter) -> (artifact id: '15b15371db707d69aacc0ed4dbae4e23') in 0.018474 seconds
Number of updated asset objects reloaded before import = 0Number of asset objects unloaded after import = 9

========================================================================
Received Import Request.
  Time since last request: 0.000016 seconds.
  path: Assets/Models/pitsGarageCorner.fbx
  artifactKey: Guid(de3794e4c5d898c4c8a08a1e35629c9a) Importer(815301076,1909f56bfc062723c751e8b465ee728b)
Start importing Assets/Models/pitsGarageCorner.fbx using Guid(de3794e4c5d898c4c8a08a1e35629c9a) Importer(815301076,1909f56bfc062723c751e8b465ee728b) (PreviewImporter) -> (artifact id: '5cd388c8a41ce290f0aa38038163dba2') in 0.0291481 seconds
Number of updated asset objects reloaded before import = 0Number of asset objects unloaded after import = 12

========================================================================
Received Import Request.
  Time since last request: 1.928213 seconds.
  path: Assets/Models/roadCornerLargeWallInner.fbx
  artifactKey: Guid(ebf7e5d36ec5f6646b21889531a4e504) Importer(815301076,1909f56bfc062723c751e8b465ee728b)
Start importing Assets/Models/roadCornerLargeWallInner.fbx using Guid(ebf7e5d36ec5f6646b21889531a4e504) Importer(815301076,1909f56bfc062723c751e8b465ee728b) (PreviewImporter) -> (artifact id: 'c7055cb3aac2333e4cebecde9a8fae4b') in 0.0216216 seconds
Number of updated asset objects reloaded before import = 0Number of asset objects unloaded after import = 10

========================================================================
Received Import Request.
  Time since last request: 0.000018 seconds.
  path: Assets/Models/roadPitStraightLong.fbx
  artifactKey: Guid(c4045156c63150c4c8df48aa3c15f083) Importer(815301076,1909f56bfc062723c751e8b465ee728b)
Start importing Assets/Models/roadPitStraightLong.fbx using Guid(c4045156c63150c4c8df48aa3c15f083) Importer(815301076,1909f56bfc062723c751e8b465ee728b) (PreviewImporter) -> (artifact id: '6250fac5a61ba67e210628997b03b263') in 0.0209949 seconds
Number of updated asset objects reloaded before import = 0Number of asset objects unloaded after import = 10

========================================================================
Received Import Request.
  Time since last request: 0.000017 seconds.
  path: Assets/Models/roadRamp.fbx
  artifactKey: Guid(4574f6c7c4da89b4390e7d565d70276e) Importer(815301076,1909f56bfc062723c751e8b465ee728b)
Start importing Assets/Models/roadRamp.fbx using Guid(4574f6c7c4da89b4390e7d565d70276e) Importer(815301076,1909f56bfc062723c751e8b465ee728b) (PreviewImporter) -> (artifact id: 'b59ea06dddc62ffe621c2a32c404f6ba') in 0.0216901 seconds
Number of updated asset objects reloaded before import = 0Number of asset objects unloaded after import = 10

========================================================================
Received Import Request.
  Time since last request: 0.000014 seconds.
  path: Assets/Models/roadSplitRound.fbx
  artifactKey: Guid(0ea59f9fafe15d7479a935c7bc625144) Importer(815301076,1909f56bfc062723c751e8b465ee728b)
Start importing Assets/Models/roadSplitRound.fbx using Guid(0ea59f9fafe15d7479a935c7bc625144) Importer(815301076,1909f56bfc062723c751e8b465ee728b) (PreviewImporter) -> (artifact id: '25371b586140b8388afd78d905e661f7') in 0.0217796 seconds
Number of updated asset objects reloaded before import = 0Number of asset objects unloaded after import = 10

========================================================================
Received Import Request.
  Time since last request: 0.000019 seconds.
  path: Assets/Models/roadSplitRoundLarge.fbx
  artifactKey: Guid(e03951057153864428b1980b19656937) Importer(815301076,1909f56bfc062723c751e8b465ee728b)
Start importing Assets/Models/roadSplitRoundLarge.fbx using Guid(e03951057153864428b1980b19656937) Importer(815301076,1909f56bfc062723c751e8b465ee728b) (PreviewImporter) -> (artifact id: '831ac49257f1070380be8a8540905954') in 0.0208094 seconds
Number of updated asset objects reloaded before import = 0Number of asset objects unloaded after import = 10

========================================================================
Received Import Request.
  Time since last request: 0.000019 seconds.
  path: Assets/Models/roadStart.fbx
  artifactKey: Guid(40705aa7a7d35734c9bdffd8529d551b) Importer(815301076,1909f56bfc062723c751e8b465ee728b)
Start importing Assets/Models/roadStart.fbx using Guid(40705aa7a7d35734c9bdffd8529d551b) Importer(815301076,1909f56bfc062723c751e8b465ee728b) (PreviewImporter) -> (artifact id: 'ba1c86fa68b79c9d75d3b186e308b555') in 0.0215733 seconds
Number of updated asset objects reloaded before import = 0Number of asset objects unloaded after import = 10

========================================================================
Received Import Request.
  Time since last request: 0.000032 seconds.
  path: Assets/Models/roadSide.fbx
  artifactKey: Guid(637a81dc069c2c048acc37fc983df01c) Importer(815301076,1909f56bfc062723c751e8b465ee728b)
Start importing Assets/Models/roadSide.fbx using Guid(637a81dc069c2c048acc37fc983df01c) Importer(815301076,1909f56bfc062723c751e8b465ee728b) (PreviewImporter) -> (artifact id: 'b81c83077669a42f1a269502e7a646bd') in 0.0207175 seconds
Number of updated asset objects reloaded before import = 0Number of asset objects unloaded after import = 10

========================================================================
Received Import Request.
  Time since last request: 0.000020 seconds.
  path: Assets/Models/roadStraightBridge.fbx
  artifactKey: Guid(e56aa2e209abd2d459a880b95bd3e1da) Importer(815301076,1909f56bfc062723c751e8b465ee728b)
Start importing Assets/Models/roadStraightBridge.fbx using Guid(e56aa2e209abd2d459a880b95bd3e1da) Importer(815301076,1909f56bfc062723c751e8b465ee728b) (PreviewImporter) -> (artifact id: '555e667d5b80b8fd584402410e852463') in 0.025354 seconds
Number of updated asset objects reloaded before import = 0Number of asset objects unloaded after import = 11

========================================================================
Received Import Request.
  Time since last request: 0.000019 seconds.
  path: Assets/Models/roadStartPositions.fbx
  artifactKey: Guid(6bbd188cfbcf797428fa057db7e9a0a6) Importer(815301076,1909f56bfc062723c751e8b465ee728b)
Start importing Assets/Models/roadStartPositions.fbx using Guid(6bbd188cfbcf797428fa057db7e9a0a6) Importer(815301076,1909f56bfc062723c751e8b465ee728b) (PreviewImporter) -> (artifact id: '21c211f82e54359e7539d2441b01786e') in 0.0209899 seconds
Number of updated asset objects reloaded before import = 0Number of asset objects unloaded after import = 10

========================================================================
Received Import Request.
  Time since last request: 0.000015 seconds.
  path: Assets/Models/tentLong.fbx
  artifactKey: Guid(bef7d0cd6bb44a549a8f9a6978d96ab7) Importer(815301076,1909f56bfc062723c751e8b465ee728b)
Start importing Assets/Models/tentLong.fbx using Guid(bef7d0cd6bb44a549a8f9a6978d96ab7) Importer(815301076,1909f56bfc062723c751e8b465ee728b) (PreviewImporter) -> (artifact id: '8ac94d220f95274fc502ae1901754a30') in 0.0174367 seconds
Number of updated asset objects reloaded before import = 0Number of asset objects unloaded after import = 9

========================================================================
Received Import Request.
  Time since last request: 0.000020 seconds.
  path: Assets/Models/roadCornerSmallWall.fbx
  artifactKey: Guid(7cb9ae656b7e57045b0d6e89e0d75494) Importer(815301076,1909f56bfc062723c751e8b465ee728b)
Start importing Assets/Models/roadCornerSmallWall.fbx using Guid(7cb9ae656b7e57045b0d6e89e0d75494) Importer(815301076,1909f56bfc062723c751e8b465ee728b) (PreviewImporter) -> (artifact id: '3aebb45b51b2e7102240ae8c6c9d1a20') in 0.0174015 seconds
Number of updated asset objects reloaded before import = 0Number of asset objects unloaded after import = 9

========================================================================
Received Import Request.
  Time since last request: 0.000021 seconds.
  path: Assets/Models/roadCurved.fbx
  artifactKey: Guid(9844b2269674a6841806f41d5cd49119) Importer(815301076,1909f56bfc062723c751e8b465ee728b)
Start importing Assets/Models/roadCurved.fbx using Guid(9844b2269674a6841806f41d5cd49119) Importer(815301076,1909f56bfc062723c751e8b465ee728b) (PreviewImporter) -> (artifact id: '194524a3723f288a11d041e0ddae16bf') in 0.0206792 seconds
Number of updated asset objects reloaded before import = 0Number of asset objects unloaded after import = 10

========================================================================
Received Import Request.
  Time since last request: 0.000063 seconds.
  path: Assets/Models/roadRampLongCurvedWall.fbx
  artifactKey: Guid(08c6dc03374e0ff49850babcaaafd555) Importer(815301076,1909f56bfc062723c751e8b465ee728b)
Start importing Assets/Models/roadRampLongCurvedWall.fbx using Guid(08c6dc03374e0ff49850babcaaafd555) Importer(815301076,1909f56bfc062723c751e8b465ee728b) (PreviewImporter) -> (artifact id: '9ec4954bfa1f19e220cf219098f8eff3') in 0.0212489 seconds
Number of updated asset objects reloaded before import = 0Number of asset objects unloaded after import = 10

========================================================================
Received Import Request.
  Time since last request: 0.000018 seconds.
  path: Assets/Models/roadStraightBridgeStart.fbx
  artifactKey: Guid(2d49a8752c4fff94f90ac27a4887fdbd) Importer(815301076,1909f56bfc062723c751e8b465ee728b)
Start importing Assets/Models/roadStraightBridgeStart.fbx using Guid(2d49a8752c4fff94f90ac27a4887fdbd) Importer(815301076,1909f56bfc062723c751e8b465ee728b) (PreviewImporter) -> (artifact id: '189cae6c3acce484a9c7cb774fa95e03') in 0.0212469 seconds
Number of updated asset objects reloaded before import = 0Number of asset objects unloaded after import = 10

========================================================================
Received Import Request.
  Time since last request: 0.000019 seconds.
  path: Assets/Models/roadPitStraight.fbx
  artifactKey: Guid(00bb534b2cd2d7e468b09bd46c9e99af) Importer(815301076,1909f56bfc062723c751e8b465ee728b)
Start importing Assets/Models/roadPitStraight.fbx using Guid(00bb534b2cd2d7e468b09bd46c9e99af) Importer(815301076,1909f56bfc062723c751e8b465ee728b) (PreviewImporter) -> (artifact id: 'c4147ba376e75a536d442cbbfebd819b') in 0.0210507 seconds
Number of updated asset objects reloaded before import = 0Number of asset objects unloaded after import = 10

========================================================================
Received Import Request.
  Time since last request: 2.227958 seconds.
  path: Assets/Materials/Car Main Green.mat
  artifactKey: Guid(6ccafd4da1e6cd2458f487adcfa87153) Importer(815301076,1909f56bfc062723c751e8b465ee728b)
Start importing Assets/Materials/Car Main Green.mat using Guid(6ccafd4da1e6cd2458f487adcfa87153) Importer(815301076,1909f56bfc062723c751e8b465ee728b) (PreviewImporter) -> (artifact id: '9cbac8b69ad0227e5ea7b9317ed923a5') in 0.0058269 seconds
Number of updated asset objects reloaded before import = 0Number of asset objects unloaded after import = 1

========================================================================
Received Import Request.
  Time since last request: 0.000015 seconds.
  path: Assets/Materials/Wheel Side.mat
  artifactKey: Guid(f9fb39932ff39ea41aa4bb2c4a48b44f) Importer(815301076,1909f56bfc062723c751e8b465ee728b)
Start importing Assets/Materials/Wheel Side.mat using Guid(f9fb39932ff39ea41aa4bb2c4a48b44f) Importer(815301076,1909f56bfc062723c751e8b465ee728b) (PreviewImporter) -> (artifact id: '449f421bc5f05e1425effcf3704c9ff8') in 0.006588 seconds
Number of updated asset objects reloaded before import = 0Number of asset objects unloaded after import = 1

========================================================================
Received Import Request.
  Time since last request: 0.000017 seconds.
  path: Assets/Materials/Checkpoint.mat
  artifactKey: Guid(00721ed3a344b584787d74d06e87b3d7) Importer(815301076,1909f56bfc062723c751e8b465ee728b)
Start importing Assets/Materials/Checkpoint.mat using Guid(00721ed3a344b584787d74d06e87b3d7) Importer(815301076,1909f56bfc062723c751e8b465ee728b) (PreviewImporter) -> (artifact id: '790eca4e6bd5fa5b3611933a4d2f2909') in 0.0078834 seconds
Number of updated asset objects reloaded before import = 0Number of asset objects unloaded after import = 1

========================================================================
Received Import Request.
  Time since last request: 1.623468 seconds.
  path: Assets/Audio/countdown.wav
  artifactKey: Guid(7d2596f3395a5d74cab5251ce4961cef) Importer(815301076,1909f56bfc062723c751e8b465ee728b)
Start importing Assets/Audio/countdown.wav using Guid(7d2596f3395a5d74cab5251ce4961cef) Importer(815301076,1909f56bfc062723c751e8b465ee728b) (PreviewImporter) -> (artifact id: '600f6e26de4fb81a566c3dd03ed3e808') in 0.0324461 seconds
Number of updated asset objects reloaded before import = 0Number of asset objects unloaded after import = 2

========================================================================
Received Prepare
Begin MonoManager ReloadAssembly
- Loaded All Assemblies, in  0.511 seconds
Refreshing native plugins compatible for Editor in 0.75 ms, found 2 plugins.
Native extension for WindowsStandalone target not found
Native extension for WebGL target not found
Mono: successfully reloaded assembly
- Finished resetting the current domain, in  0.885 seconds
Domain Reload Profiling: 1394ms
	BeginReloadAssembly (199ms)
		ExecutionOrderSort (0ms)
		DisableScriptedObjects (5ms)
		BackupInstance (0ms)
		ReleaseScriptingObjects (0ms)
		CreateAndSetChildDomain (39ms)
	RebuildCommonClasses (36ms)
	RebuildNativeTypeToScriptingClass (13ms)
	initialDomainReloadingComplete (23ms)
	LoadAllAssembliesAndSetupDomain (238ms)
		LoadAssemblies (269ms)
		RebuildTransferFunctionScriptingTraits (0ms)
		AnalyzeDomain (79ms)
			TypeCache.Refresh (4ms)
				TypeCache.ScanAssembly (0ms)
			BuildScriptInfoCaches (68ms)
			ResolveRequiredComponents (4ms)
	FinalizeReload (885ms)
		ReleaseScriptCaches (0ms)
		RebuildScriptCaches (0ms)
		SetupLoadedEditorAssemblies (610ms)
			LogAssemblyErrors (0ms)
			InitializePlatformSupportModulesInManaged (4ms)
			SetLoadedEditorAssemblies (4ms)
			BeforeProcessingInitializeOnLoad (80ms)
			ProcessInitializeOnLoadAttributes (480ms)
			ProcessInitializeOnLoadMethodAttributes (31ms)
			AfterProcessingInitializeOnLoad (11ms)
			EditorAssembliesLoaded (0ms)
		ExecutionOrderSort2 (0ms)
		AwakeInstancesAfterBackupRestoration (9ms)
Refreshing native plugins compatible for Editor in 0.71 ms, found 2 plugins.
Preloading 0 native plugins for Editor in 0.00 ms.
Unloading 1 Unused Serialized files (Serialized files now loaded: 0)
Unloading 1828 unused Assets / (0.5 MB). Loaded Objects now: 2491.
Memory consumption went from 99.8 MB to 99.2 MB.
Total: 6.645600 ms (FindLiveObjects: 0.382800 ms CreateObjectMapping: 0.089500 ms MarkObjects: 5.387400 ms  DeleteObjects: 0.783500 ms)

Prepare: number of updated asset objects reloaded= 0
Editor requested this worker to shutdown with reason: Scaling down because of idle timeout
AssetImportWorker is now disconnected from the server
Process exiting
Exiting without the bug reporter. Application will terminate with return code 0